
lab1-ex0.exe:     file format elf64-x86-64


Disassembly of section .interp:

0000000000400238 <.interp>:
  400238:	2f                   	(bad)  
  400239:	6c                   	insb   (%dx),%es:(%rdi)
  40023a:	69 62 36 34 2f 6c 64 	imul   $0x646c2f34,0x36(%rdx),%esp
  400241:	2d 6c 69 6e 75       	sub    $0x756e696c,%eax
  400246:	78 2d                	js     400275 <SYS_socketcall+0x40020f>
  400248:	78 38                	js     400282 <SYS_socketcall+0x40021c>
  40024a:	36                   	ss
  40024b:	2d 36 34 2e 73       	sub    $0x732e3436,%eax
  400250:	6f                   	outsl  %ds:(%rsi),(%dx)
  400251:	2e 32 00             	xor    %cs:(%rax),%al

Disassembly of section .note.ABI-tag:

0000000000400254 <.note.ABI-tag>:
  400254:	04 00                	add    $0x0,%al
  400256:	00 00                	add    %al,(%rax)
  400258:	10 00                	adc    %al,(%rax)
  40025a:	00 00                	add    %al,(%rax)
  40025c:	01 00                	add    %eax,(%rax)
  40025e:	00 00                	add    %al,(%rax)
  400260:	47                   	rex.RXB
  400261:	4e 55                	rex.WRX push %rbp
  400263:	00 00                	add    %al,(%rax)
  400265:	00 00                	add    %al,(%rax)
  400267:	00 02                	add    %al,(%rdx)
  400269:	00 00                	add    %al,(%rax)
  40026b:	00 06                	add    %al,(%rsi)
  40026d:	00 00                	add    %al,(%rax)
  40026f:	00 18                	add    %bl,(%rax)
  400271:	00 00                	add    %al,(%rax)
	...

Disassembly of section .note.gnu.build-id:

0000000000400274 <.note.gnu.build-id>:
  400274:	04 00                	add    $0x0,%al
  400276:	00 00                	add    %al,(%rax)
  400278:	14 00                	adc    $0x0,%al
  40027a:	00 00                	add    %al,(%rax)
  40027c:	03 00                	add    (%rax),%eax
  40027e:	00 00                	add    %al,(%rax)
  400280:	47                   	rex.RXB
  400281:	4e 55                	rex.WRX push %rbp
  400283:	00 b0 fa 35 18 af    	add    %dh,-0x50e7ca06(%rax)
  400289:	ab                   	stos   %eax,%es:(%rdi)
  40028a:	f3 29 a7 11 12 e1 4f 	repz sub %esp,0x4fe11211(%rdi)
  400291:	66 35 be f8          	xor    $0xf8be,%ax
  400295:	ec                   	in     (%dx),%al
  400296:	28                   	.byte 0x28
  400297:	89                   	.byte 0x89

Disassembly of section .gnu.hash:

0000000000400298 <.gnu.hash>:
  400298:	01 00                	add    %eax,(%rax)
  40029a:	00 00                	add    %al,(%rax)
  40029c:	01 00                	add    %eax,(%rax)
  40029e:	00 00                	add    %al,(%rax)
  4002a0:	01 00                	add    %eax,(%rax)
	...

Disassembly of section .dynsym:

00000000004002b8 <.dynsym>:
	...
  4002d0:	0b 00                	or     (%rax),%eax
  4002d2:	00 00                	add    %al,(%rax)
  4002d4:	12 00                	adc    (%rax),%al
	...
  4002e6:	00 00                	add    %al,(%rax)
  4002e8:	1d 00 00 00 20       	sbb    $0x20000000,%eax
	...

Disassembly of section .dynstr:

0000000000400300 <.dynstr>:
  400300:	00 6c 69 62          	add    %ch,0x62(%rcx,%rbp,2)
  400304:	63 2e                	movslq (%rsi),%ebp
  400306:	73 6f                	jae    400377 <SYS_socketcall+0x400311>
  400308:	2e 36 00 5f 5f       	cs add %bl,%cs:%ss:0x5f(%rdi)
  40030d:	6c                   	insb   (%dx),%es:(%rdi)
  40030e:	69 62 63 5f 73 74 61 	imul   $0x6174735f,0x63(%rdx),%esp
  400315:	72 74                	jb     40038b <SYS_socketcall+0x400325>
  400317:	5f                   	pop    %rdi
  400318:	6d                   	insl   (%dx),%es:(%rdi)
  400319:	61                   	(bad)  
  40031a:	69 6e 00 5f 5f 67 6d 	imul   $0x6d675f5f,0x0(%rsi),%ebp
  400321:	6f                   	outsl  %ds:(%rsi),(%dx)
  400322:	6e                   	outsb  %ds:(%rsi),(%dx)
  400323:	5f                   	pop    %rdi
  400324:	73 74                	jae    40039a <SYS_socketcall+0x400334>
  400326:	61                   	(bad)  
  400327:	72 74                	jb     40039d <SYS_socketcall+0x400337>
  400329:	5f                   	pop    %rdi
  40032a:	5f                   	pop    %rdi
  40032b:	00 47 4c             	add    %al,0x4c(%rdi)
  40032e:	49                   	rex.WB
  40032f:	42                   	rex.X
  400330:	43 5f                	rex.XB pop %r15
  400332:	32 2e                	xor    (%rsi),%ch
  400334:	32 2e                	xor    (%rsi),%ch
  400336:	35                   	.byte 0x35
	...

Disassembly of section .gnu.version:

0000000000400338 <.gnu.version>:
  400338:	00 00                	add    %al,(%rax)
  40033a:	02 00                	add    (%rax),%al
	...

Disassembly of section .gnu.version_r:

0000000000400340 <.gnu.version_r>:
  400340:	01 00                	add    %eax,(%rax)
  400342:	01 00                	add    %eax,(%rax)
  400344:	01 00                	add    %eax,(%rax)
  400346:	00 00                	add    %al,(%rax)
  400348:	10 00                	adc    %al,(%rax)
  40034a:	00 00                	add    %al,(%rax)
  40034c:	00 00                	add    %al,(%rax)
  40034e:	00 00                	add    %al,(%rax)
  400350:	75 1a                	jne    40036c <SYS_socketcall+0x400306>
  400352:	69 09 00 00 02 00    	imul   $0x20000,(%rcx),%ecx
  400358:	2c 00                	sub    $0x0,%al
  40035a:	00 00                	add    %al,(%rax)
  40035c:	00 00                	add    %al,(%rax)
	...

Disassembly of section .rela.dyn:

0000000000400360 <.rela.dyn>:
  400360:	f8                   	clc    
  400361:	0f 60 00             	punpcklbw (%rax),%mm0
  400364:	00 00                	add    %al,(%rax)
  400366:	00 00                	add    %al,(%rax)
  400368:	06                   	(bad)  
  400369:	00 00                	add    %al,(%rax)
  40036b:	00 02                	add    %al,(%rdx)
	...

Disassembly of section .rela.plt:

0000000000400378 <.rela.plt>:
  400378:	18 10                	sbb    %dl,(%rax)
  40037a:	60                   	(bad)  
  40037b:	00 00                	add    %al,(%rax)
  40037d:	00 00                	add    %al,(%rax)
  40037f:	00 07                	add    %al,(%rdi)
  400381:	00 00                	add    %al,(%rax)
  400383:	00 01                	add    %al,(%rcx)
	...
  40038d:	00 00                	add    %al,(%rax)
  40038f:	00 20                	add    %ah,(%rax)
  400391:	10 60 00             	adc    %ah,0x0(%rax)
  400394:	00 00                	add    %al,(%rax)
  400396:	00 00                	add    %al,(%rax)
  400398:	07                   	(bad)  
  400399:	00 00                	add    %al,(%rax)
  40039b:	00 02                	add    %al,(%rdx)
	...

Disassembly of section .init:

00000000004003a8 <_init>:
  4003a8:	48 83 ec 08          	sub    $0x8,%rsp
  4003ac:	48 8b 05 45 0c 20 00 	mov    0x200c45(%rip),%rax        # 600ff8 <_DYNAMIC+0x1d0>
  4003b3:	48 85 c0             	test   %rax,%rax
  4003b6:	74 05                	je     4003bd <_init+0x15>
  4003b8:	e8 33 00 00 00       	callq  4003f0 <__gmon_start__@plt>
  4003bd:	48 83 c4 08          	add    $0x8,%rsp
  4003c1:	c3                   	retq   

Disassembly of section .plt:

00000000004003d0 <__libc_start_main@plt-0x10>:
  4003d0:	ff 35 32 0c 20 00    	pushq  0x200c32(%rip)        # 601008 <_GLOBAL_OFFSET_TABLE_+0x8>
  4003d6:	ff 25 34 0c 20 00    	jmpq   *0x200c34(%rip)        # 601010 <_GLOBAL_OFFSET_TABLE_+0x10>
  4003dc:	0f 1f 40 00          	nopl   0x0(%rax)

00000000004003e0 <__libc_start_main@plt>:
  4003e0:	ff 25 32 0c 20 00    	jmpq   *0x200c32(%rip)        # 601018 <_GLOBAL_OFFSET_TABLE_+0x18>
  4003e6:	68 00 00 00 00       	pushq  $0x0
  4003eb:	e9 e0 ff ff ff       	jmpq   4003d0 <_init+0x28>

00000000004003f0 <__gmon_start__@plt>:
  4003f0:	ff 25 2a 0c 20 00    	jmpq   *0x200c2a(%rip)        # 601020 <_GLOBAL_OFFSET_TABLE_+0x20>
  4003f6:	68 01 00 00 00       	pushq  $0x1
  4003fb:	e9 d0 ff ff ff       	jmpq   4003d0 <_init+0x28>

Disassembly of section .text:

0000000000400400 <_start>:
  400400:	31 ed                	xor    %ebp,%ebp
  400402:	49 89 d1             	mov    %rdx,%r9
  400405:	5e                   	pop    %rsi
  400406:	48 89 e2             	mov    %rsp,%rdx
  400409:	48 83 e4 f0          	and    $0xfffffffffffffff0,%rsp
  40040d:	50                   	push   %rax
  40040e:	54                   	push   %rsp
  40040f:	49 c7 c0 60 05 40 00 	mov    $0x400560,%r8
  400416:	48 c7 c1 f0 04 40 00 	mov    $0x4004f0,%rcx
  40041d:	48 c7 c7 45 10 60 00 	mov    $0x601045,%rdi
  400424:	e8 b7 ff ff ff       	callq  4003e0 <__libc_start_main@plt>
  400429:	f4                   	hlt    
  40042a:	66 0f 1f 44 00 00    	nopw   0x0(%rax,%rax,1)

0000000000400430 <deregister_tm_clones>:
  400430:	b8 67 10 60 00       	mov    $0x601067,%eax
  400435:	55                   	push   %rbp
  400436:	48 2d 60 10 60 00    	sub    $0x601060,%rax
  40043c:	48 83 f8 0e          	cmp    $0xe,%rax
  400440:	48 89 e5             	mov    %rsp,%rbp
  400443:	77 02                	ja     400447 <deregister_tm_clones+0x17>
  400445:	5d                   	pop    %rbp
  400446:	c3                   	retq   
  400447:	b8 00 00 00 00       	mov    $0x0,%eax
  40044c:	48 85 c0             	test   %rax,%rax
  40044f:	74 f4                	je     400445 <deregister_tm_clones+0x15>
  400451:	5d                   	pop    %rbp
  400452:	bf 60 10 60 00       	mov    $0x601060,%edi
  400457:	ff e0                	jmpq   *%rax
  400459:	0f 1f 80 00 00 00 00 	nopl   0x0(%rax)

0000000000400460 <register_tm_clones>:
  400460:	b8 60 10 60 00       	mov    $0x601060,%eax
  400465:	55                   	push   %rbp
  400466:	48 2d 60 10 60 00    	sub    $0x601060,%rax
  40046c:	48 c1 f8 03          	sar    $0x3,%rax
  400470:	48 89 e5             	mov    %rsp,%rbp
  400473:	48 89 c2             	mov    %rax,%rdx
  400476:	48 c1 ea 3f          	shr    $0x3f,%rdx
  40047a:	48 01 d0             	add    %rdx,%rax
  40047d:	48 d1 f8             	sar    %rax
  400480:	75 02                	jne    400484 <register_tm_clones+0x24>
  400482:	5d                   	pop    %rbp
  400483:	c3                   	retq   
  400484:	ba 00 00 00 00       	mov    $0x0,%edx
  400489:	48 85 d2             	test   %rdx,%rdx
  40048c:	74 f4                	je     400482 <register_tm_clones+0x22>
  40048e:	5d                   	pop    %rbp
  40048f:	48 89 c6             	mov    %rax,%rsi
  400492:	bf 60 10 60 00       	mov    $0x601060,%edi
  400497:	ff e2                	jmpq   *%rdx
  400499:	0f 1f 80 00 00 00 00 	nopl   0x0(%rax)

00000000004004a0 <__do_global_dtors_aux>:
  4004a0:	80 3d b5 0b 20 00 00 	cmpb   $0x0,0x200bb5(%rip)        # 60105c <_edata>
  4004a7:	75 11                	jne    4004ba <__do_global_dtors_aux+0x1a>
  4004a9:	55                   	push   %rbp
  4004aa:	48 89 e5             	mov    %rsp,%rbp
  4004ad:	e8 7e ff ff ff       	callq  400430 <deregister_tm_clones>
  4004b2:	5d                   	pop    %rbp
  4004b3:	c6 05 a2 0b 20 00 01 	movb   $0x1,0x200ba2(%rip)        # 60105c <_edata>
  4004ba:	f3 c3                	repz retq 
  4004bc:	0f 1f 40 00          	nopl   0x0(%rax)

00000000004004c0 <frame_dummy>:
  4004c0:	48 83 3d 58 09 20 00 	cmpq   $0x0,0x200958(%rip)        # 600e20 <__JCR_END__>
  4004c7:	00 
  4004c8:	74 1e                	je     4004e8 <frame_dummy+0x28>
  4004ca:	b8 00 00 00 00       	mov    $0x0,%eax
  4004cf:	48 85 c0             	test   %rax,%rax
  4004d2:	74 14                	je     4004e8 <frame_dummy+0x28>
  4004d4:	55                   	push   %rbp
  4004d5:	bf 20 0e 60 00       	mov    $0x600e20,%edi
  4004da:	48 89 e5             	mov    %rsp,%rbp
  4004dd:	ff d0                	callq  *%rax
  4004df:	5d                   	pop    %rbp
  4004e0:	e9 7b ff ff ff       	jmpq   400460 <register_tm_clones>
  4004e5:	0f 1f 00             	nopl   (%rax)
  4004e8:	e9 73 ff ff ff       	jmpq   400460 <register_tm_clones>
  4004ed:	0f 1f 00             	nopl   (%rax)

00000000004004f0 <__libc_csu_init>:
  4004f0:	41 57                	push   %r15
  4004f2:	41 89 ff             	mov    %edi,%r15d
  4004f5:	41 56                	push   %r14
  4004f7:	49 89 f6             	mov    %rsi,%r14
  4004fa:	41 55                	push   %r13
  4004fc:	49 89 d5             	mov    %rdx,%r13
  4004ff:	41 54                	push   %r12
  400501:	4c 8d 25 08 09 20 00 	lea    0x200908(%rip),%r12        # 600e10 <__frame_dummy_init_array_entry>
  400508:	55                   	push   %rbp
  400509:	48 8d 2d 08 09 20 00 	lea    0x200908(%rip),%rbp        # 600e18 <__init_array_end>
  400510:	53                   	push   %rbx
  400511:	4c 29 e5             	sub    %r12,%rbp
  400514:	31 db                	xor    %ebx,%ebx
  400516:	48 c1 fd 03          	sar    $0x3,%rbp
  40051a:	48 83 ec 08          	sub    $0x8,%rsp
  40051e:	e8 85 fe ff ff       	callq  4003a8 <_init>
  400523:	48 85 ed             	test   %rbp,%rbp
  400526:	74 1e                	je     400546 <__libc_csu_init+0x56>
  400528:	0f 1f 84 00 00 00 00 	nopl   0x0(%rax,%rax,1)
  40052f:	00 
  400530:	4c 89 ea             	mov    %r13,%rdx
  400533:	4c 89 f6             	mov    %r14,%rsi
  400536:	44 89 ff             	mov    %r15d,%edi
  400539:	41 ff 14 dc          	callq  *(%r12,%rbx,8)
  40053d:	48 83 c3 01          	add    $0x1,%rbx
  400541:	48 39 eb             	cmp    %rbp,%rbx
  400544:	75 ea                	jne    400530 <__libc_csu_init+0x40>
  400546:	48 83 c4 08          	add    $0x8,%rsp
  40054a:	5b                   	pop    %rbx
  40054b:	5d                   	pop    %rbp
  40054c:	41 5c                	pop    %r12
  40054e:	41 5d                	pop    %r13
  400550:	41 5e                	pop    %r14
  400552:	41 5f                	pop    %r15
  400554:	c3                   	retq   
  400555:	66 66 2e 0f 1f 84 00 	data32 nopw %cs:0x0(%rax,%rax,1)
  40055c:	00 00 00 00 

0000000000400560 <__libc_csu_fini>:
  400560:	f3 c3                	repz retq 

Disassembly of section .fini:

0000000000400564 <_fini>:
  400564:	48 83 ec 08          	sub    $0x8,%rsp
  400568:	48 83 c4 08          	add    $0x8,%rsp
  40056c:	c3                   	retq   

Disassembly of section .rodata:

0000000000400570 <_IO_stdin_used>:
  400570:	01 00                	add    %eax,(%rax)
  400572:	02 00                	add    (%rax),%al

Disassembly of section .eh_frame_hdr:

0000000000400574 <.eh_frame_hdr>:
  400574:	01 1b                	add    %ebx,(%rbx)
  400576:	03 3b                	add    (%rbx),%edi
  400578:	28 00                	sub    %al,(%rax)
  40057a:	00 00                	add    %al,(%rax)
  40057c:	04 00                	add    $0x0,%al
  40057e:	00 00                	add    %al,(%rax)
  400580:	5c                   	pop    %rsp
  400581:	fe                   	(bad)  
  400582:	ff                   	(bad)  
  400583:	ff 74 00 00          	pushq  0x0(%rax,%rax,1)
  400587:	00 8c fe ff ff 44 00 	add    %cl,0x44ffff(%rsi,%rdi,8)
  40058e:	00 00                	add    %al,(%rax)
  400590:	7c ff                	jl     400591 <_IO_stdin_used+0x21>
  400592:	ff                   	(bad)  
  400593:	ff 9c 00 00 00 ec ff 	lcallq *-0x140000(%rax,%rax,1)
  40059a:	ff                   	(bad)  
  40059b:	ff e4                	jmpq   *%rsp
  40059d:	00 00                	add    %al,(%rax)
	...

Disassembly of section .eh_frame:

00000000004005a0 <__FRAME_END__-0xd0>:
  4005a0:	14 00                	adc    $0x0,%al
  4005a2:	00 00                	add    %al,(%rax)
  4005a4:	00 00                	add    %al,(%rax)
  4005a6:	00 00                	add    %al,(%rax)
  4005a8:	01 7a 52             	add    %edi,0x52(%rdx)
  4005ab:	00 01                	add    %al,(%rcx)
  4005ad:	78 10                	js     4005bf <_IO_stdin_used+0x4f>
  4005af:	01 1b                	add    %ebx,(%rbx)
  4005b1:	0c 07                	or     $0x7,%al
  4005b3:	08 90 01 07 10 14    	or     %dl,0x14100701(%rax)
  4005b9:	00 00                	add    %al,(%rax)
  4005bb:	00 1c 00             	add    %bl,(%rax,%rax,1)
  4005be:	00 00                	add    %al,(%rax)
  4005c0:	40 fe                	rex (bad) 
  4005c2:	ff                   	(bad)  
  4005c3:	ff 2a                	ljmpq  *(%rdx)
	...
  4005cd:	00 00                	add    %al,(%rax)
  4005cf:	00 14 00             	add    %dl,(%rax,%rax,1)
  4005d2:	00 00                	add    %al,(%rax)
  4005d4:	00 00                	add    %al,(%rax)
  4005d6:	00 00                	add    %al,(%rax)
  4005d8:	01 7a 52             	add    %edi,0x52(%rdx)
  4005db:	00 01                	add    %al,(%rcx)
  4005dd:	78 10                	js     4005ef <_IO_stdin_used+0x7f>
  4005df:	01 1b                	add    %ebx,(%rbx)
  4005e1:	0c 07                	or     $0x7,%al
  4005e3:	08 90 01 00 00 24    	or     %dl,0x24000001(%rax)
  4005e9:	00 00                	add    %al,(%rax)
  4005eb:	00 1c 00             	add    %bl,(%rax,%rax,1)
  4005ee:	00 00                	add    %al,(%rax)
  4005f0:	e0 fd                	loopne 4005ef <_IO_stdin_used+0x7f>
  4005f2:	ff                   	(bad)  
  4005f3:	ff 30                	pushq  (%rax)
  4005f5:	00 00                	add    %al,(%rax)
  4005f7:	00 00                	add    %al,(%rax)
  4005f9:	0e                   	(bad)  
  4005fa:	10 46 0e             	adc    %al,0xe(%rsi)
  4005fd:	18 4a 0f             	sbb    %cl,0xf(%rdx)
  400600:	0b 77 08             	or     0x8(%rdi),%esi
  400603:	80 00 3f             	addb   $0x3f,(%rax)
  400606:	1a 3b                	sbb    (%rbx),%bh
  400608:	2a 33                	sub    (%rbx),%dh
  40060a:	24 22                	and    $0x22,%al
  40060c:	00 00                	add    %al,(%rax)
  40060e:	00 00                	add    %al,(%rax)
  400610:	44 00 00             	add    %r8b,(%rax)
  400613:	00 44 00 00          	add    %al,0x0(%rax,%rax,1)
  400617:	00 d8                	add    %bl,%al
  400619:	fe                   	(bad)  
  40061a:	ff                   	(bad)  
  40061b:	ff 65 00             	jmpq   *0x0(%rbp)
  40061e:	00 00                	add    %al,(%rax)
  400620:	00 42 0e             	add    %al,0xe(%rdx)
  400623:	10 8f 02 45 0e 18    	adc    %cl,0x180e4502(%rdi)
  400629:	8e 03                	mov    (%rbx),%es
  40062b:	45 0e                	rex.RB (bad) 
  40062d:	20 8d 04 45 0e 28    	and    %cl,0x280e4504(%rbp)
  400633:	8c 05 48 0e 30 86    	mov    %es,-0x79cff1b8(%rip)        # ffffffff86701481 <__TMC_END__+0xffffffff86100421>
  400639:	06                   	(bad)  
  40063a:	48 0e                	rex.W (bad) 
  40063c:	38 83 07 4d 0e 40    	cmp    %al,0x400e4d07(%rbx)
  400642:	6c                   	insb   (%dx),%es:(%rdi)
  400643:	0e                   	(bad)  
  400644:	38 41 0e             	cmp    %al,0xe(%rcx)
  400647:	30 41 0e             	xor    %al,0xe(%rcx)
  40064a:	28 42 0e             	sub    %al,0xe(%rdx)
  40064d:	20 42 0e             	and    %al,0xe(%rdx)
  400650:	18 42 0e             	sbb    %al,0xe(%rdx)
  400653:	10 42 0e             	adc    %al,0xe(%rdx)
  400656:	08 00                	or     %al,(%rax)
  400658:	14 00                	adc    $0x0,%al
  40065a:	00 00                	add    %al,(%rax)
  40065c:	8c 00                	mov    %es,(%rax)
  40065e:	00 00                	add    %al,(%rax)
  400660:	00 ff                	add    %bh,%bh
  400662:	ff                   	(bad)  
  400663:	ff 02                	incl   (%rdx)
	...

0000000000400670 <__FRAME_END__>:
  400670:	00 00                	add    %al,(%rax)
	...

Disassembly of section .init_array:

0000000000600e10 <__frame_dummy_init_array_entry>:
  600e10:	c0 04 40 00          	rolb   $0x0,(%rax,%rax,2)
  600e14:	00 00                	add    %al,(%rax)
	...

Disassembly of section .fini_array:

0000000000600e18 <__do_global_dtors_aux_fini_array_entry>:
  600e18:	a0                   	.byte 0xa0
  600e19:	04 40                	add    $0x40,%al
  600e1b:	00 00                	add    %al,(%rax)
  600e1d:	00 00                	add    %al,(%rax)
	...

Disassembly of section .jcr:

0000000000600e20 <__JCR_END__>:
	...

Disassembly of section .dynamic:

0000000000600e28 <_DYNAMIC>:
  600e28:	01 00                	add    %eax,(%rax)
  600e2a:	00 00                	add    %al,(%rax)
  600e2c:	00 00                	add    %al,(%rax)
  600e2e:	00 00                	add    %al,(%rax)
  600e30:	01 00                	add    %eax,(%rax)
  600e32:	00 00                	add    %al,(%rax)
  600e34:	00 00                	add    %al,(%rax)
  600e36:	00 00                	add    %al,(%rax)
  600e38:	0c 00                	or     $0x0,%al
  600e3a:	00 00                	add    %al,(%rax)
  600e3c:	00 00                	add    %al,(%rax)
  600e3e:	00 00                	add    %al,(%rax)
  600e40:	a8 03                	test   $0x3,%al
  600e42:	40 00 00             	add    %al,(%rax)
  600e45:	00 00                	add    %al,(%rax)
  600e47:	00 0d 00 00 00 00    	add    %cl,0x0(%rip)        # 600e4d <_DYNAMIC+0x25>
  600e4d:	00 00                	add    %al,(%rax)
  600e4f:	00 64 05 40          	add    %ah,0x40(%rbp,%rax,1)
  600e53:	00 00                	add    %al,(%rax)
  600e55:	00 00                	add    %al,(%rax)
  600e57:	00 19                	add    %bl,(%rcx)
  600e59:	00 00                	add    %al,(%rax)
  600e5b:	00 00                	add    %al,(%rax)
  600e5d:	00 00                	add    %al,(%rax)
  600e5f:	00 10                	add    %dl,(%rax)
  600e61:	0e                   	(bad)  
  600e62:	60                   	(bad)  
  600e63:	00 00                	add    %al,(%rax)
  600e65:	00 00                	add    %al,(%rax)
  600e67:	00 1b                	add    %bl,(%rbx)
  600e69:	00 00                	add    %al,(%rax)
  600e6b:	00 00                	add    %al,(%rax)
  600e6d:	00 00                	add    %al,(%rax)
  600e6f:	00 08                	add    %cl,(%rax)
  600e71:	00 00                	add    %al,(%rax)
  600e73:	00 00                	add    %al,(%rax)
  600e75:	00 00                	add    %al,(%rax)
  600e77:	00 1a                	add    %bl,(%rdx)
  600e79:	00 00                	add    %al,(%rax)
  600e7b:	00 00                	add    %al,(%rax)
  600e7d:	00 00                	add    %al,(%rax)
  600e7f:	00 18                	add    %bl,(%rax)
  600e81:	0e                   	(bad)  
  600e82:	60                   	(bad)  
  600e83:	00 00                	add    %al,(%rax)
  600e85:	00 00                	add    %al,(%rax)
  600e87:	00 1c 00             	add    %bl,(%rax,%rax,1)
  600e8a:	00 00                	add    %al,(%rax)
  600e8c:	00 00                	add    %al,(%rax)
  600e8e:	00 00                	add    %al,(%rax)
  600e90:	08 00                	or     %al,(%rax)
  600e92:	00 00                	add    %al,(%rax)
  600e94:	00 00                	add    %al,(%rax)
  600e96:	00 00                	add    %al,(%rax)
  600e98:	f5                   	cmc    
  600e99:	fe                   	(bad)  
  600e9a:	ff 6f 00             	ljmpq  *0x0(%rdi)
  600e9d:	00 00                	add    %al,(%rax)
  600e9f:	00 98 02 40 00 00    	add    %bl,0x4002(%rax)
  600ea5:	00 00                	add    %al,(%rax)
  600ea7:	00 05 00 00 00 00    	add    %al,0x0(%rip)        # 600ead <_DYNAMIC+0x85>
  600ead:	00 00                	add    %al,(%rax)
  600eaf:	00 00                	add    %al,(%rax)
  600eb1:	03 40 00             	add    0x0(%rax),%eax
  600eb4:	00 00                	add    %al,(%rax)
  600eb6:	00 00                	add    %al,(%rax)
  600eb8:	06                   	(bad)  
  600eb9:	00 00                	add    %al,(%rax)
  600ebb:	00 00                	add    %al,(%rax)
  600ebd:	00 00                	add    %al,(%rax)
  600ebf:	00 b8 02 40 00 00    	add    %bh,0x4002(%rax)
  600ec5:	00 00                	add    %al,(%rax)
  600ec7:	00 0a                	add    %cl,(%rdx)
  600ec9:	00 00                	add    %al,(%rax)
  600ecb:	00 00                	add    %al,(%rax)
  600ecd:	00 00                	add    %al,(%rax)
  600ecf:	00 38                	add    %bh,(%rax)
  600ed1:	00 00                	add    %al,(%rax)
  600ed3:	00 00                	add    %al,(%rax)
  600ed5:	00 00                	add    %al,(%rax)
  600ed7:	00 0b                	add    %cl,(%rbx)
  600ed9:	00 00                	add    %al,(%rax)
  600edb:	00 00                	add    %al,(%rax)
  600edd:	00 00                	add    %al,(%rax)
  600edf:	00 18                	add    %bl,(%rax)
  600ee1:	00 00                	add    %al,(%rax)
  600ee3:	00 00                	add    %al,(%rax)
  600ee5:	00 00                	add    %al,(%rax)
  600ee7:	00 15 00 00 00 00    	add    %dl,0x0(%rip)        # 600eed <_DYNAMIC+0xc5>
	...
  600ef5:	00 00                	add    %al,(%rax)
  600ef7:	00 03                	add    %al,(%rbx)
	...
  600f01:	10 60 00             	adc    %ah,0x0(%rax)
  600f04:	00 00                	add    %al,(%rax)
  600f06:	00 00                	add    %al,(%rax)
  600f08:	02 00                	add    (%rax),%al
  600f0a:	00 00                	add    %al,(%rax)
  600f0c:	00 00                	add    %al,(%rax)
  600f0e:	00 00                	add    %al,(%rax)
  600f10:	30 00                	xor    %al,(%rax)
  600f12:	00 00                	add    %al,(%rax)
  600f14:	00 00                	add    %al,(%rax)
  600f16:	00 00                	add    %al,(%rax)
  600f18:	14 00                	adc    $0x0,%al
  600f1a:	00 00                	add    %al,(%rax)
  600f1c:	00 00                	add    %al,(%rax)
  600f1e:	00 00                	add    %al,(%rax)
  600f20:	07                   	(bad)  
  600f21:	00 00                	add    %al,(%rax)
  600f23:	00 00                	add    %al,(%rax)
  600f25:	00 00                	add    %al,(%rax)
  600f27:	00 17                	add    %dl,(%rdi)
  600f29:	00 00                	add    %al,(%rax)
  600f2b:	00 00                	add    %al,(%rax)
  600f2d:	00 00                	add    %al,(%rax)
  600f2f:	00 78 03             	add    %bh,0x3(%rax)
  600f32:	40 00 00             	add    %al,(%rax)
  600f35:	00 00                	add    %al,(%rax)
  600f37:	00 07                	add    %al,(%rdi)
  600f39:	00 00                	add    %al,(%rax)
  600f3b:	00 00                	add    %al,(%rax)
  600f3d:	00 00                	add    %al,(%rax)
  600f3f:	00 60 03             	add    %ah,0x3(%rax)
  600f42:	40 00 00             	add    %al,(%rax)
  600f45:	00 00                	add    %al,(%rax)
  600f47:	00 08                	add    %cl,(%rax)
  600f49:	00 00                	add    %al,(%rax)
  600f4b:	00 00                	add    %al,(%rax)
  600f4d:	00 00                	add    %al,(%rax)
  600f4f:	00 18                	add    %bl,(%rax)
  600f51:	00 00                	add    %al,(%rax)
  600f53:	00 00                	add    %al,(%rax)
  600f55:	00 00                	add    %al,(%rax)
  600f57:	00 09                	add    %cl,(%rcx)
  600f59:	00 00                	add    %al,(%rax)
  600f5b:	00 00                	add    %al,(%rax)
  600f5d:	00 00                	add    %al,(%rax)
  600f5f:	00 18                	add    %bl,(%rax)
  600f61:	00 00                	add    %al,(%rax)
  600f63:	00 00                	add    %al,(%rax)
  600f65:	00 00                	add    %al,(%rax)
  600f67:	00 fe                	add    %bh,%dh
  600f69:	ff                   	(bad)  
  600f6a:	ff 6f 00             	ljmpq  *0x0(%rdi)
  600f6d:	00 00                	add    %al,(%rax)
  600f6f:	00 40 03             	add    %al,0x3(%rax)
  600f72:	40 00 00             	add    %al,(%rax)
  600f75:	00 00                	add    %al,(%rax)
  600f77:	00 ff                	add    %bh,%bh
  600f79:	ff                   	(bad)  
  600f7a:	ff 6f 00             	ljmpq  *0x0(%rdi)
  600f7d:	00 00                	add    %al,(%rax)
  600f7f:	00 01                	add    %al,(%rcx)
  600f81:	00 00                	add    %al,(%rax)
  600f83:	00 00                	add    %al,(%rax)
  600f85:	00 00                	add    %al,(%rax)
  600f87:	00 f0                	add    %dh,%al
  600f89:	ff                   	(bad)  
  600f8a:	ff 6f 00             	ljmpq  *0x0(%rdi)
  600f8d:	00 00                	add    %al,(%rax)
  600f8f:	00 38                	add    %bh,(%rax)
  600f91:	03 40 00             	add    0x0(%rax),%eax
	...

Disassembly of section .got:

0000000000600ff8 <.got>:
	...

Disassembly of section .got.plt:

0000000000601000 <_GLOBAL_OFFSET_TABLE_>:
  601000:	28 0e                	sub    %cl,(%rsi)
  601002:	60                   	(bad)  
	...
  601017:	00 e6                	add    %ah,%dh
  601019:	03 40 00             	add    0x0(%rax),%eax
  60101c:	00 00                	add    %al,(%rax)
  60101e:	00 00                	add    %al,(%rax)
  601020:	f6 03 40             	testb  $0x40,(%rbx)
  601023:	00 00                	add    %al,(%rax)
  601025:	00 00                	add    %al,(%rax)
	...

Disassembly of section .data:

0000000000601028 <__data_start>:
	...

0000000000601030 <__dso_handle>:
	...

0000000000601038 <hello>:
  601038:	68 65 6c 6c 6f       	pushq  $0x6f6c6c65
  60103d:	20 77 6f             	and    %dh,0x6f(%rdi)
  601040:	72 6c                	jb     6010ae <__TMC_END__+0x4e>
  601042:	64 0a 00             	or     %fs:(%rax),%al

0000000000601045 <main>:
  601045:	b8 04 00 00 00       	mov    $0x4,%eax
  60104a:	bb 01 00 00 00       	mov    $0x1,%ebx
  60104f:	b9 38 10 60 00       	mov    $0x601038,%ecx
  601054:	ba 0c 00 00 00       	mov    $0xc,%edx
  601059:	cd 80                	int    $0x80
  60105b:	c3                   	retq   

Disassembly of section .bss:

000000000060105c <__bss_start>:
  60105c:	00 00                	add    %al,(%rax)
	...

Disassembly of section .comment:

0000000000000000 <.comment>:
   0:	47                   	rex.RXB
   1:	43                   	rex.XB
   2:	43 3a 20             	rex.XB cmp (%r8),%spl
   5:	28 55 62             	sub    %dl,0x62(%rbp)
   8:	75 6e                	jne    78 <SYS_socketcall+0x12>
   a:	74 75                	je     81 <SYS_socketcall+0x1b>
   c:	20 34 2e             	and    %dh,(%rsi,%rbp,1)
   f:	38 2e                	cmp    %ch,(%rsi)
  11:	32 2d 31 39 75 62    	xor    0x62753931(%rip),%ch        # 62753948 <__TMC_END__+0x621528e8>
  17:	75 6e                	jne    87 <SYS_socketcall+0x21>
  19:	74 75                	je     90 <SYS_socketcall+0x2a>
  1b:	31 29                	xor    %ebp,(%rcx)
  1d:	20 34 2e             	and    %dh,(%rsi,%rbp,1)
  20:	38 2e                	cmp    %ch,(%rsi)
  22:	32 00                	xor    (%rax),%al

Disassembly of section .debug_aranges:

0000000000000000 <.debug_aranges>:
   0:	2c 00                	sub    $0x0,%al
   2:	00 00                	add    %al,(%rax)
   4:	02 00                	add    (%rax),%al
   6:	00 00                	add    %al,(%rax)
   8:	00 00                	add    %al,(%rax)
   a:	08 00                	or     %al,(%rax)
   c:	00 00                	add    %al,(%rax)
   e:	00 00                	add    %al,(%rax)
  10:	38 10                	cmp    %dl,(%rax)
  12:	60                   	(bad)  
  13:	00 00                	add    %al,(%rax)
  15:	00 00                	add    %al,(%rax)
  17:	00 24 00             	add    %ah,(%rax,%rax,1)
	...

Disassembly of section .debug_info:

0000000000000000 <.debug_info>:
   0:	65 00 00             	add    %al,%gs:(%rax)
   3:	00 02                	add    %al,(%rdx)
   5:	00 00                	add    %al,(%rax)
   7:	00 00                	add    %al,(%rax)
   9:	00 08                	add    %cl,(%rax)
   b:	01 00                	add    %eax,(%rax)
   d:	00 00                	add    %al,(%rax)
   f:	00 38                	add    %bh,(%rax)
  11:	10 60 00             	adc    %ah,0x0(%rax)
  14:	00 00                	add    %al,(%rax)
  16:	00 00                	add    %al,(%rax)
  18:	5c                   	pop    %rsp
  19:	10 60 00             	adc    %ah,0x0(%rax)
  1c:	00 00                	add    %al,(%rax)
  1e:	00 00                	add    %al,(%rax)
  20:	6c                   	insb   (%dx),%es:(%rdi)
  21:	61                   	(bad)  
  22:	62 31 2d 65 78       	(bad)  {%k5}
  27:	30 2e                	xor    %ch,(%rsi)
  29:	73 00                	jae    2b <SYS_lseek+0x18>
  2b:	2f                   	(bad)  
  2c:	68 6f 6d 65 2f       	pushq  $0x2f656d6f
  31:	6d                   	insl   (%dx),%es:(%rdi)
  32:	6f                   	outsl  %ds:(%rsi),(%dx)
  33:	6f                   	outsl  %ds:(%rsi),(%dx)
  34:	63 6f 73             	movslq 0x73(%rdi),%ebp
  37:	2f                   	(bad)  
  38:	6d                   	insl   (%dx),%es:(%rdi)
  39:	6f                   	outsl  %ds:(%rsi),(%dx)
  3a:	6f                   	outsl  %ds:(%rsi),(%dx)
  3b:	63 6f 73             	movslq 0x73(%rdi),%ebp
  3e:	2f                   	(bad)  
  3f:	75 63                	jne    a4 <SYS_socketcall+0x3e>
  41:	6f                   	outsl  %ds:(%rsi),(%dx)
  42:	72 65                	jb     a9 <SYS_socketcall+0x43>
  44:	5f                   	pop    %rdi
  45:	6c                   	insb   (%dx),%es:(%rdi)
  46:	61                   	(bad)  
  47:	62                   	(bad)  {%k5}
  48:	2f                   	(bad)  
  49:	72 65                	jb     b0 <SYS_socketcall+0x4a>
  4b:	6c                   	insb   (%dx),%es:(%rdi)
  4c:	61                   	(bad)  
  4d:	74 65                	je     b4 <SYS_socketcall+0x4e>
  4f:	64                   	fs
  50:	5f                   	pop    %rdi
  51:	69 6e 66 6f 2f 6c 61 	imul   $0x616c2f6f,0x66(%rsi),%ebp
  58:	62 31                	(bad)  {%k5}
  5a:	00 47 4e             	add    %al,0x4e(%rdi)
  5d:	55                   	push   %rbp
  5e:	20 41 53             	and    %al,0x53(%rcx)
  61:	20 32                	and    %dh,(%rdx)
  63:	2e 32 34 00          	xor    %cs:(%rax,%rax,1),%dh
  67:	01                   	.byte 0x1
  68:	80                   	.byte 0x80

Disassembly of section .debug_abbrev:

0000000000000000 <.debug_abbrev>:
   0:	01 11                	add    %edx,(%rcx)
   2:	00 10                	add    %dl,(%rax)
   4:	06                   	(bad)  
   5:	11 01                	adc    %eax,(%rcx)
   7:	12 01                	adc    (%rcx),%al
   9:	03 08                	add    (%rax),%ecx
   b:	1b 08                	sbb    (%rax),%ecx
   d:	25 08 13 05 00       	and    $0x51308,%eax
	...

Disassembly of section .debug_line:

0000000000000000 <.debug_line>:
   0:	3d 00 00 00 02       	cmp    $0x2000000,%eax
   5:	00 21                	add    %ah,(%rcx)
   7:	00 00                	add    %al,(%rax)
   9:	00 01                	add    %al,(%rcx)
   b:	01 fb                	add    %edi,%ebx
   d:	0e                   	(bad)  
   e:	0d 00 01 01 01       	or     $0x1010100,%eax
  13:	01 00                	add    %eax,(%rax)
  15:	00 00                	add    %al,(%rax)
  17:	01 00                	add    %eax,(%rax)
  19:	00 01                	add    %al,(%rcx)
  1b:	00 6c 61 62          	add    %ch,0x62(%rcx,%riz,2)
  1f:	31 2d 65 78 30 2e    	xor    %ebp,0x2e307865(%rip)        # 2e30788a <__TMC_END__+0x2dd0682a>
  25:	73 00                	jae    27 <SYS_lseek+0x14>
  27:	00 00                	add    %al,(%rax)
  29:	00 00                	add    %al,(%rax)
  2b:	00 09                	add    %cl,(%rcx)
  2d:	02 45 10             	add    0x10(%rbp),%al
  30:	60                   	(bad)  
  31:	00 00                	add    %al,(%rax)
  33:	00 00                	add    %al,(%rax)
  35:	00 19                	add    %bl,(%rcx)
  37:	59                   	pop    %rcx
  38:	59                   	pop    %rcx
  39:	59                   	pop    %rcx
  3a:	59                   	pop    %rcx
  3b:	30 02                	xor    %al,(%rdx)
  3d:	01 00                	add    %eax,(%rax)
  3f:	01 01                	add    %eax,(%rcx)
